#
# There is insufficient memory for the Java Runtime Environment to continue.
# Native memory allocation (mmap) failed to map 132120576 bytes for G1 virtual space
# Possible reasons:
#   The system is out of physical RAM or swap space
#   The process is running with CompressedOops enabled, and the Java Heap may be blocking the growth of the native heap
# Possible solutions:
#   Reduce memory load on the system
#   Increase physical memory or swap space
#   Check if swap backing store is full
#   Decrease Java heap size (-Xmx/-Xms)
#   Decrease number of Java threads
#   Decrease Java thread stack sizes (-Xss)
#   Set larger code cache with -XX:ReservedCodeCacheSize=
#   JVM is running with Unscaled Compressed Oops mode in which the Java heap is
#     placed in the first 4GB address space. The Java Heap base address is the
#     maximum limit for the native heap growth. Please use -XX:HeapBaseMinAddress
#     to set the Java Heap base and to place the Java Heap above 4GB virtual address.
# This output file may be truncated or incomplete.
#
#  Out of Memory Error (os_windows.cpp:3613), pid=36636, tid=10688
#
# JRE version:  (17.0.9+9) (build )
# Java VM: OpenJDK 64-Bit Server VM (17.0.9+9, mixed mode, sharing, tiered, compressed oops, compressed class ptrs, g1 gc, windows-amd64)
# No core dump will be written. Minidumps are not enabled by default on client versions of Windows
#

---------------  S U M M A R Y ------------

Command Line: -Dfile.encoding=UTF-8 --module-path=C:\Users\ARCHIT\Documents\JavaNetBeans\bank management system\build\classes bank.management.system.BalanceEnquiry

Host: Intel(R) Core(TM) i5-1035G1 CPU @ 1.00GHz, 8 cores, 7G,  Windows 11 , 64 bit Build 22621 (10.0.22621.2506)
Time: Wed Feb  7 01:37:13 2024 India Standard Time elapsed time: 0.020977 seconds (0d 0h 0m 0s)

---------------  T H R E A D  ---------------

Current thread (0x0000025bb383b950):  JavaThread "Unknown thread" [_thread_in_vm, id=10688, stack(0x00000098ffb00000,0x00000098ffc00000)]

Stack: [0x00000098ffb00000,0x00000098ffc00000]
Native frames: (J=compiled Java code, j=interpreted, Vv=VM code, C=native code)
V  [jvm.dll+0x67cf49]
V  [jvm.dll+0x83478a]
V  [jvm.dll+0x83624e]
V  [jvm.dll+0x8368b3]
V  [jvm.dll+0x247f1f]
V  [jvm.dll+0x679d69]
V  [jvm.dll+0x66e6ba]
V  [jvm.dll+0x307e5b]
V  [jvm.dll+0x30f306]
V  [jvm.dll+0x35f0ce]
V  [jvm.dll+0x35f2ff]
V  [jvm.dll+0x2dea58]
V  [jvm.dll+0x2df9c4]
V  [jvm.dll+0x806031]
V  [jvm.dll+0x36cf31]
V  [jvm.dll+0x7e4aac]
V  [jvm.dll+0x3f07af]
V  [jvm.dll+0x3f23e1]
C  [jli.dll+0x528f]
C  [ucrtbase.dll+0x29363]
C  [KERNEL32.DLL+0x1257d]
C  [ntdll.dll+0x5aa58]


---------------  P R O C E S S  ---------------

Threads class SMR info:
_java_thread_list=0x00007ffd56f3ee98, length=0, elements={
}

Java Threads: ( => current thread )

Other Threads:
  0x0000025bb3897950 GCTaskThread "GC Thread#0" [stack: 0x00000098ffc00000,0x00000098ffd00000] [id=33972]
  0x0000025bb38a81e0 ConcurrentGCThread "G1 Main Marker" [stack: 0x00000098ffd00000,0x00000098ffe00000] [id=32564]
  0x0000025bb38a8c00 ConcurrentGCThread "G1 Conc#0" [stack: 0x00000098ffe00000,0x00000098fff00000] [id=34996]

[error occurred during error reporting (printing all threads), id 0xc0000005, EXCEPTION_ACCESS_VIOLATION (0xc0000005) at pc=0x00007ffd566ff497]

VM state: not at safepoint (not fully initialized)

VM Mutex/Monitor currently owned by a thread:  ([mutex/lock_event])
[0x0000025bb3836470] Heap_lock - owner thread: 0x0000025bb383b950

Heap address: 0x0000000083600000, size: 1994 MB, Compressed Oops mode: 32-bit

CDS archive(s) mapped at: [0x0000000000000000-0x0000000000000000-0x0000000000000000), size 0, SharedBaseAddress: 0x0000000800000000, ArchiveRelocationMode: 1.
Narrow klass base: 0x0000000000000000, Narrow klass shift: 0, Narrow klass range: 0x0

GC Precious Log:
<Empty>

Heap:
 garbage-first heap   total 0K, used 0K [0x0000000083600000, 0x0000000100000000)
  region size 1024K, 0 young (0K), 0 survivors (0K)

[error occurred during error reporting (printing heap information), id 0xc0000005, EXCEPTION_ACCESS_VIOLATION (0xc0000005) at pc=0x00007ffd56ae6c79]

GC Heap History (0 events):
No events

Dll operation events (1 events):
Event: 0.013 Loaded shared library C:\Users\ARCHIT\AppData\Local\Programs\Eclipse Adoptium\jdk-17.0.9.9-hotspot\bin\java.dll

Deoptimization events (0 events):
No events

Classes unloaded (0 events):
No events

Classes redefined (0 events):
No events

Internal exceptions (0 events):
No events

VM Operations (0 events):
No events

Events (0 events):
No events


Dynamic libraries:
0x00007ff676ac0000 - 0x00007ff676ace000 	C:\Users\ARCHIT\AppData\Local\Programs\Eclipse Adoptium\jdk-17.0.9.9-hotspot\bin\java.exe
0x00007ffdc6570000 - 0x00007ffdc6787000 	C:\WINDOWS\SYSTEM32\ntdll.dll
0x00007ffdc5a60000 - 0x00007ffdc5b24000 	C:\WINDOWS\System32\KERNEL32.DLL
0x00007ffdc3950000 - 0x00007ffdc3cf6000 	C:\WINDOWS\System32\KERNELBASE.dll
0x00007ffdc3f10000 - 0x00007ffdc4021000 	C:\WINDOWS\System32\ucrtbase.dll
0x00007ffd62bb0000 - 0x00007ffd62bcb000 	C:\Users\ARCHIT\AppData\Local\Programs\Eclipse Adoptium\jdk-17.0.9.9-hotspot\bin\VCRUNTIME140.dll
0x00007ffd74090000 - 0x00007ffd740a7000 	C:\Users\ARCHIT\AppData\Local\Programs\Eclipse Adoptium\jdk-17.0.9.9-hotspot\bin\jli.dll
0x00007ffdc6370000 - 0x00007ffdc651e000 	C:\WINDOWS\System32\USER32.dll
0x00007ffdc3ee0000 - 0x00007ffdc3f06000 	C:\WINDOWS\System32\win32u.dll
0x00007ffda8ac0000 - 0x00007ffda8d53000 	C:\WINDOWS\WinSxS\amd64_microsoft.windows.common-controls_6595b64144ccf1df_6.0.22621.2506_none_270c5ae97388e100\COMCTL32.dll
0x00007ffdc5900000 - 0x00007ffdc5929000 	C:\WINDOWS\System32\GDI32.dll
0x00007ffdc6170000 - 0x00007ffdc6217000 	C:\WINDOWS\System32\msvcrt.dll
0x00007ffdc3dc0000 - 0x00007ffdc3ed8000 	C:\WINDOWS\System32\gdi32full.dll
0x00007ffdc38b0000 - 0x00007ffdc394a000 	C:\WINDOWS\System32\msvcp_win.dll
0x00007ffdc51f0000 - 0x00007ffdc5221000 	C:\WINDOWS\System32\IMM32.DLL
0x00007ffda3050000 - 0x00007ffda305c000 	C:\Users\ARCHIT\AppData\Local\Programs\Eclipse Adoptium\jdk-17.0.9.9-hotspot\bin\vcruntime140_1.dll
0x00007ffd56110000 - 0x00007ffd5619d000 	C:\Users\ARCHIT\AppData\Local\Programs\Eclipse Adoptium\jdk-17.0.9.9-hotspot\bin\msvcp140.dll
0x00007ffd56410000 - 0x00007ffd57071000 	C:\Users\ARCHIT\AppData\Local\Programs\Eclipse Adoptium\jdk-17.0.9.9-hotspot\bin\server\jvm.dll
0x00007ffdc5230000 - 0x00007ffdc52e3000 	C:\WINDOWS\System32\ADVAPI32.dll
0x00007ffdc4e30000 - 0x00007ffdc4ed8000 	C:\WINDOWS\System32\sechost.dll
0x00007ffdc4290000 - 0x00007ffdc42b8000 	C:\WINDOWS\System32\bcrypt.dll
0x00007ffdc4ff0000 - 0x00007ffdc5107000 	C:\WINDOWS\System32\RPCRT4.dll
0x00007ffdb8060000 - 0x00007ffdb8094000 	C:\WINDOWS\SYSTEM32\WINMM.dll
0x00007ffdb6800000 - 0x00007ffdb680a000 	C:\WINDOWS\SYSTEM32\VERSION.dll
0x00007ffdc3780000 - 0x00007ffdc37cd000 	C:\WINDOWS\SYSTEM32\POWRPROF.dll
0x00007ffda3450000 - 0x00007ffda3459000 	C:\WINDOWS\SYSTEM32\WSOCK32.dll
0x00007ffdc5b30000 - 0x00007ffdc5ba1000 	C:\WINDOWS\System32\WS2_32.dll
0x00007ffdc3760000 - 0x00007ffdc3773000 	C:\WINDOWS\SYSTEM32\UMPDC.dll
0x00007ffdc28e0000 - 0x00007ffdc28f8000 	C:\WINDOWS\SYSTEM32\kernel.appcore.dll
0x00007ffd9fb70000 - 0x00007ffd9fb7a000 	C:\Users\ARCHIT\AppData\Local\Programs\Eclipse Adoptium\jdk-17.0.9.9-hotspot\bin\jimage.dll
0x00007ffdbdf30000 - 0x00007ffdbe163000 	C:\WINDOWS\SYSTEM32\DBGHELP.DLL
0x00007ffdc5510000 - 0x00007ffdc5899000 	C:\WINDOWS\System32\combase.dll
0x00007ffdc5110000 - 0x00007ffdc51e7000 	C:\WINDOWS\System32\OLEAUT32.dll
0x00007ffda2260000 - 0x00007ffda2292000 	C:\WINDOWS\SYSTEM32\dbgcore.DLL
0x00007ffdc4210000 - 0x00007ffdc428a000 	C:\WINDOWS\System32\bcryptPrimitives.dll
0x00007ffd5f4d0000 - 0x00007ffd5f4f5000 	C:\Users\ARCHIT\AppData\Local\Programs\Eclipse Adoptium\jdk-17.0.9.9-hotspot\bin\java.dll

dbghelp: loaded successfully - version: 4.0.5 - missing functions: none
symbol engine: initialized successfully - sym options: 0x614 - pdb path: .;C:\Users\ARCHIT\AppData\Local\Programs\Eclipse Adoptium\jdk-17.0.9.9-hotspot\bin;C:\WINDOWS\SYSTEM32;C:\WINDOWS\WinSxS\amd64_microsoft.windows.common-controls_6595b64144ccf1df_6.0.22621.2506_none_270c5ae97388e100;C:\Users\ARCHIT\AppData\Local\Programs\Eclipse Adoptium\jdk-17.0.9.9-hotspot\bin\server

VM Arguments:
jvm_args: -Dfile.encoding=UTF-8 --module-path=C:\Users\ARCHIT\Documents\JavaNetBeans\bank management system\build\classes 
java_command: bank.management.system.BalanceEnquiry
java_class_path (initial): C:\Users\ARCHIT\Documents\jcalendar-tz-1.3.3-4.jar;C:\Users\ARCHIT\Documents\mysql-connector-java-8.0.28.jar;C:\Users\ARCHIT\Documents\JavaNetBeans\bank management system\build\classes
Launcher Type: SUN_STANDARD

[Global flags]
     intx CICompilerCount                          = 4                                         {product} {ergonomic}
     uint ConcGCThreads                            = 2                                         {product} {ergonomic}
     uint G1ConcRefinementThreads                  = 8                                         {product} {ergonomic}
   size_t G1HeapRegionSize                         = 1048576                                   {product} {ergonomic}
    uintx GCDrainStackTargetSize                   = 64                                        {product} {ergonomic}
   size_t InitialHeapSize                          = 132120576                                 {product} {ergonomic}
   size_t MarkStackSize                            = 4194304                                   {product} {ergonomic}
   size_t MaxHeapSize                              = 2090860544                                {product} {ergonomic}
   size_t MinHeapDeltaBytes                        = 1048576                                   {product} {ergonomic}
   size_t MinHeapSize                              = 8388608                                   {product} {ergonomic}
    uintx NonNMethodCodeHeapSize                   = 5839372                                {pd product} {ergonomic}
    uintx NonProfiledCodeHeapSize                  = 122909434                              {pd product} {ergonomic}
    uintx ProfiledCodeHeapSize                     = 122909434                              {pd product} {ergonomic}
    uintx ReservedCodeCacheSize                    = 251658240                              {pd product} {ergonomic}
     bool SegmentedCodeCache                       = true                                      {product} {ergonomic}
   size_t SoftMaxHeapSize                          = 2090860544                             {manageable} {ergonomic}
     bool UseCompressedClassPointers               = true                           {product lp64_product} {ergonomic}
     bool UseCompressedOops                        = true                           {product lp64_product} {ergonomic}
     bool UseG1GC                                  = true                                      {product} {ergonomic}
     bool UseLargePagesIndividualAllocation        = false                                  {pd product} {ergonomic}

Logging:
Log output configuration:
 #0: stdout all=warning uptime,level,tags
 #1: stderr all=off uptime,level,tags

Environment Variables:
JAVA_HOME=C:\Users\ARCHIT\AppData\Local\Programs\Eclipse Adoptium\jdk-17.0.9.9-hotspot\
PATH=C:\Program Files\Common Files\Oracle\Java\javapath;C:\WINDOWS\system32;C:\WINDOWS;C:\WINDOWS\System32\Wbem;C:\WINDOWS\System32\WindowsPowerShell\v1.0\;C:\WINDOWS\System32\OpenSSH\;C:\MinGW\bin;C:\Program Files\Java\jdk-20\bin;C:\Program Files\Git\cmd;C:\Program Files\Git\mingw64\bin;C:\Program Files\Git\usr\bin;C:\Program Files\Java\jdk-20\bin;C:\Program Files\Java\jdk-21\bin;C:\Users\ARCHIT\AppData\Local\Programs\Eclipse Adoptium\jdk-17.0.9.9-hotspot\bin;C:\Program Files\MySQL\MySQL Shell 8.0\bin\;C:\Users\ARCHIT\AppData\Local\Microsoft\WindowsApps;C:\MinGW\bin;C:\Users\ARCHIT\AppData\Local\Programs\Microsoft VS Code\bin;C:\Users\ARCHIT\AppData\Local\GitHubDesktop\bin;
USERNAME=ARCHIT
OS=Windows_NT
PROCESSOR_IDENTIFIER=Intel64 Family 6 Model 126 Stepping 5, GenuineIntel
TMP=C:\Users\ARCHIT\AppData\Local\Temp
TEMP=C:\Users\ARCHIT\AppData\Local\Temp



Periodic native trim disabled


---------------  S Y S T E M  ---------------

OS:
 Windows 11 , 64 bit Build 22621 (10.0.22621.2506)
OS uptime: 1 days 14:54 hours

CPU: total 8 (initial active 8) (4 cores per cpu, 2 threads per core) family 6 model 126 stepping 5 microcode 0x86, cx8, cmov, fxsr, ht, mmx, 3dnowpref, sse, sse2, sse3, ssse3, sse4.1, sse4.2, popcnt, lzcnt, tsc, tscinvbit, avx, avx2, aes, erms, clmul, bmi1, bmi2, adx, avx512f, avx512dq, avx512cd, avx512bw, avx512vl, sha, fma, vzeroupper, avx512_vpopcntdq, avx512_vpclmulqdq, avx512_vaes, avx512_vnni, clflush, clflushopt, avx512_vbmi2, avx512_vbmi
Processor Information for all 8 processors :
  Max Mhz: 1190, Current Mhz: 991, Mhz Limit: 987

Memory: 4k page, system-wide physical 7973M (544M free)
TotalPageFile size 32549M (AvailPageFile size 107M)
current process WorkingSet (physical memory assigned to process): 11M, peak: 11M
current process commit charge ("private bytes"): 60M, peak: 186M

vm_info: OpenJDK 64-Bit Server VM (17.0.9+9) for windows-amd64 JRE (17.0.9+9), built on Oct 26 2023 14:01:42 by "admin" with MS VC++ 16.10 / 16.11 (VS2019)

END.
